1: O 1: started
2: O 2: started
3: H 1: started
4: H 2: started
5: H 3: started
6: H 4: started
7: O 1: going to queue
8: H 4: going to queue
9: O 2: going to queue
10: H 1: going to queue
11: H 4: creating molecule 1
12: H 4: molecule 1 created
13: O 1: creating molecule 1
14: H 1: creating molecule 1
15: H 1: molecule 1 created
16: O 1: molecule 1 created
17: H 2: going to queue
18: H 3: going to queue
19: H 2: creating molecule 2
20: O 2: creating molecule 2
21: H 2: molecule 2 created
22: H 3: creating molecule 2
23: H 3: molecule 2 created
24: O 2: molecule 2 created
